<?xml version="1.0" encoding="UTF-8"?>
<testng-results total="1" passed="1" failed="0" skipped="0">
  <reporter-output>
  </reporter-output>
  <suite started-at="2023-01-02T08:18:58Z" name="Suite" finished-at="2023-01-02T08:20:34Z" duration-ms="96443">
    <groups>
    </groups>
    <test started-at="2023-01-02T08:18:58Z" name="Test" finished-at="2023-01-02T08:20:34Z" duration-ms="96443">
      <class name="Com.Vedantu.TestCases.TC_SignIn">
        <test-method is-config="true" signature="Initiate()[pri:0, instance:Com.Vedantu.TestCases.TC_SignIn@146587a2]" started-at="2023-01-02T13:48:58Z" name="Initiate" finished-at="2023-01-02T13:49:33Z" duration-ms="35357" status="PASS">
          <reporter-output>
          </reporter-output>
        </test-method> <!-- Initiate -->
        <test-method signature="SignInTest()[pri:0, instance:Com.Vedantu.TestCases.TC_SignIn@146587a2]" started-at="2023-01-02T13:49:33Z" name="SignInTest" finished-at="2023-01-02T13:50:09Z" duration-ms="36050" status="PASS">
          <reporter-output>
          </reporter-output>
        </test-method> <!-- SignInTest -->
        <test-method is-config="true" signature="Teardown()[pri:0, instance:Com.Vedantu.TestCases.TC_SignIn@146587a2]" started-at="2023-01-02T13:50:09Z" name="Teardown" finished-at="2023-01-02T13:50:34Z" duration-ms="24895" status="PASS">
          <reporter-output>
          </reporter-output>
        </test-method> <!-- Teardown -->
      </class> <!-- Com.Vedantu.TestCases.TC_SignIn -->
    </test> <!-- Test -->
  </suite> <!-- Suite -->
</testng-results>
