<?xml version="1.0" encoding="UTF-8"?>
<testng-results ignored="0" total="1" passed="1" failed="0" skipped="0">
  <reporter-output>
  </reporter-output>
  <suite started-at="2023-01-02T10:47:21 IST" name="Suite" finished-at="2023-01-02T10:48:02 IST" duration-ms="41116">
    <groups>
    </groups>
    <test started-at="2023-01-02T10:47:21 IST" name="Test" finished-at="2023-01-02T10:48:02 IST" duration-ms="41116">
      <class name="Com.Vedantu.TestCases.TC_SignIn">
        <test-method is-config="true" signature="Initiate()[pri:0, instance:Com.Vedantu.TestCases.TC_SignIn@757acd7b]" started-at="2023-01-02T10:47:21 IST" name="Initiate" finished-at="2023-01-02T10:47:42 IST" duration-ms="20437" status="PASS">
          <reporter-output>
          </reporter-output>
        </test-method> <!-- Initiate -->
        <test-method signature="SignInTest()[pri:0, instance:Com.Vedantu.TestCases.TC_SignIn@757acd7b]" started-at="2023-01-02T10:47:42 IST" name="SignInTest" finished-at="2023-01-02T10:47:52 IST" duration-ms="10100" status="PASS">
          <reporter-output>
          </reporter-output>
        </test-method> <!-- SignInTest -->
        <test-method is-config="true" signature="Teardown()[pri:0, instance:Com.Vedantu.TestCases.TC_SignIn@757acd7b]" started-at="2023-01-02T10:47:52 IST" name="Teardown" finished-at="2023-01-02T10:48:02 IST" duration-ms="10513" status="PASS">
          <reporter-output>
          </reporter-output>
        </test-method> <!-- Teardown -->
      </class> <!-- Com.Vedantu.TestCases.TC_SignIn -->
    </test> <!-- Test -->
  </suite> <!-- Suite -->
</testng-results>
